<?xml version="1.0" encoding="UTF-8"?>
<testng-results skipped="0" failed="0" ignored="0" total="1" passed="1">
  <reporter-output>
  </reporter-output>
  <suite name="Suite" duration-ms="42261" started-at="2019-11-26T11:42:21 IST" finished-at="2019-11-26T11:43:04 IST">
    <groups>
      <group name="cucumber">
        <method signature="AbstractTestNGCucumberTests.feature(cucumber.api.testng.CucumberFeatureWrapper)[pri:0, instance:com.cvx.qa.runners.GoIbiboTestRunnerSafari@6adede5]" name="feature" class="cucumber.api.testng.AbstractTestNGCucumberTests"/>
      </group> <!-- cucumber -->
    </groups>
    <test name="SafariTest" duration-ms="42261" started-at="2019-11-26T11:42:21 IST" finished-at="2019-11-26T11:43:04 IST">
      <class name="com.cvx.qa.runners.GoIbiboTestRunnerSafari">
        <test-method status="PASS" signature="setUpClass()[pri:0, instance:com.cvx.qa.runners.GoIbiboTestRunnerSafari@6adede5]" name="setUpClass" is-config="true" duration-ms="224" started-at="2019-11-26T11:42:21 IST" finished-at="2019-11-26T11:42:22 IST">
          <reporter-output>
          </reporter-output>
        </test-method> <!-- setUpClass -->
        <test-method status="PASS" signature="selectBrowser()[pri:0, instance:com.cvx.qa.runners.GoIbiboTestRunnerSafari@6adede5]" name="selectBrowser" is-config="true" duration-ms="0" started-at="2019-11-26T11:42:22 IST" finished-at="2019-11-26T11:42:22 IST">
          <reporter-output>
          </reporter-output>
        </test-method> <!-- selectBrowser -->
        <test-method status="PASS" signature="feature(cucumber.api.testng.CucumberFeatureWrapper)[pri:0, instance:com.cvx.qa.runners.GoIbiboTestRunnerSafari@6adede5]" name="feature" duration-ms="41580" started-at="2019-11-26T11:42:22 IST" description="Runs Cucumber Feature" data-provider="features" finished-at="2019-11-26T11:43:03 IST">
          <params>
            <param index="0">
              <value>
                <![CDATA[Test Flight Search Page of GoIbibo]]>
              </value>
            </param>
          </params>
          <reporter-output>
          </reporter-output>
        </test-method> <!-- feature -->
        <test-method status="PASS" signature="tearDownClass()[pri:0, instance:com.cvx.qa.runners.GoIbiboTestRunnerSafari@6adede5]" name="tearDownClass" is-config="true" duration-ms="322" started-at="2019-11-26T11:43:03 IST" finished-at="2019-11-26T11:43:04 IST">
          <reporter-output>
          </reporter-output>
        </test-method> <!-- tearDownClass -->
      </class> <!-- com.cvx.qa.runners.GoIbiboTestRunnerSafari -->
    </test> <!-- SafariTest -->
  </suite> <!-- Suite -->
</testng-results>
