<?xml version="1.0" encoding="UTF-8"?>
<!-- Generated by org.testng.reporters.JUnitXMLReporter -->
<testsuite hostname="IN5CG9292KLF" ignored="0" name="AndroidMobileChromeTest" tests="1" failures="1" timestamp="2019-11-20T20:03:23 IST" time="104.706" errors="0">
  <testcase name="feature" time="104.55" classname="cucumber.api.testng.AbstractTestNGCucumberTests">
    <failure type="cucumber.runtime.CucumberException" message="java.lang.AssertionError: expected [Flight Tickets, Flights Booking at Lowest Airfare, Book Air Tickets-Goibib] but found [Flight Tickets, Flights Booking at Lowest Airfare, Book Air Tickets-Goibibo]">
      <![CDATA[cucumber.runtime.CucumberException: java.lang.AssertionError: expected [Flight Tickets, Flights Booking at Lowest Airfare, Book Air Tickets-Goibib] but found [Flight Tickets, Flights Booking at Lowest Airfare, Book Air Tickets-Goibibo]
at cucumber.api.testng.TestNGCucumberRunner.runCucumber(TestNGCucumberRunner.java:69)
at cucumber.api.testng.AbstractTestNGCucumberTests.feature(AbstractTestNGCucumberTests.java:21)
at java.util.ArrayList.forEach(Unknown Source)
Caused by: java.lang.AssertionError: expected [Flight Tickets, Flights Booking at Lowest Airfare, Book Air Tickets-Goibib] but found [Flight Tickets, Flights Booking at Lowest Airfare, Book Air Tickets-Goibibo]
at com.cvx.qa.stepdefinitions.FlightSearchSteps.the_actual_title_is_matching_with_the_expected_title(FlightSearchSteps.java:50)
at ✽.Then The actual title is matching with the expected title "Flight Tickets, Flights Booking at Lowest Airfare, Book Air Tickets-Goibib"(FlightSearch.feature:10)
... Removed 32 stack frames]]>
    </failure>
  </testcase> <!-- feature -->
</testsuite> <!-- AndroidMobileChromeTest -->
